2025-06-13 21:17:30,196 [Worker-7: Loading available Gradle versions] INFO  o.e.b.c.i.u.g.PublishedGradleVersions - Gradle version information cache is not available. Remote download required.
2025-06-13 23:02:59,156 [Worker-4: Loading available Gradle versions] INFO  o.e.b.c.i.u.g.PublishedGradleVersions - Gradle version information cache is up-to-date. Trying to read.
2025-06-23 12:10:27,992 [Worker-5: Loading available Gradle versions] INFO  o.e.b.c.i.u.g.PublishedGradleVersions - Gradle version information cache is out-of-date. Trying to update.
2025-06-23 12:49:41,255 [Worker-20: Building] INFO  o.e.m.c.i.l.LifecycleMappingFactory - Using org.eclipse.m2e.jdt.JarLifecycleMapping lifecycle mapping for MavenProject: com.example:Email:0.0.1-SNAPSHOT @ C:\spring\workspace\sb01\Email\pom.xml.
2025-06-23 12:49:43,922 [Worker-20: Building] INFO  o.a.m.s.f.DefaultMavenResourcesFiltering - Copying 1 resource from src\main\resources to target\classes
2025-06-23 12:49:43,948 [Worker-20: Building] INFO  o.a.m.s.f.DefaultMavenResourcesFiltering - Copying 0 resource from src\main\resources to target\classes
2025-06-23 12:49:43,956 [Worker-20: Building] INFO  o.a.m.s.f.DefaultMavenResourcesFiltering - skip non existing resourceDirectory C:\spring\workspace\sb01\Email\src\test\resources
2025-06-23 12:49:44,700 [Worker-18: Building] INFO  o.a.m.s.f.DefaultMavenResourcesFiltering - Copying 1 resource from src\main\resources to target\classes
2025-06-23 12:49:44,704 [Worker-18: Building] INFO  o.a.m.s.f.DefaultMavenResourcesFiltering - Copying 0 resource from src\main\resources to target\classes
2025-06-23 12:49:44,709 [Worker-18: Building] INFO  o.a.m.s.f.DefaultMavenResourcesFiltering - skip non existing resourceDirectory C:\spring\workspace\sb01\Email\src\test\resources
2025-06-23 16:24:11,386 [Worker-40: Building] INFO  o.a.m.s.f.DefaultMavenResourcesFiltering - Copying 0 resource from src\main\resources to target\classes
2025-06-23 16:24:11,388 [Worker-40: Building] INFO  o.a.m.s.f.DefaultMavenResourcesFiltering - Copying 0 resource from src\main\resources to target\classes
2025-06-23 16:24:11,395 [Worker-40: Building] INFO  o.a.m.s.f.DefaultMavenResourcesFiltering - skip non existing resourceDirectory C:\spring\workspace\sb01\Email\src\test\resources
2025-06-23 16:24:11,952 [Worker-34: Building] INFO  o.a.m.s.f.DefaultMavenResourcesFiltering - Copying 1 resource from src\main\resources to target\classes
2025-06-23 16:24:11,956 [Worker-34: Building] INFO  o.a.m.s.f.DefaultMavenResourcesFiltering - Copying 0 resource from src\main\resources to target\classes
2025-06-23 16:24:11,962 [Worker-34: Building] INFO  o.a.m.s.f.DefaultMavenResourcesFiltering - skip non existing resourceDirectory C:\spring\workspace\sb01\Email\src\test\resources
2025-06-23 16:24:18,539 [Worker-38: Building] INFO  o.a.m.s.f.DefaultMavenResourcesFiltering - Copying 0 resource from src\main\resources to target\classes
2025-06-23 16:24:18,541 [Worker-38: Building] INFO  o.a.m.s.f.DefaultMavenResourcesFiltering - Copying 0 resource from src\main\resources to target\classes
2025-06-23 16:24:18,545 [Worker-38: Building] INFO  o.a.m.s.f.DefaultMavenResourcesFiltering - skip non existing resourceDirectory C:\spring\workspace\sb01\Email\src\test\resources
2025-06-23 16:26:52,808 [Worker-41: Launching Executing clean in C__spring_workspace_sb01_Email] INFO  o.eclipse.m2e.core.internal.Bundles - getClasspathEntries(Bundle=org.eclipse.m2e.maven.runtime_3.9.900.20240824-1409 [364])
2025-06-23 16:26:52,811 [Worker-41: Launching Executing clean in C__spring_workspace_sb01_Email] INFO  o.eclipse.m2e.core.internal.Bundles - 	Entry: C:\spring\sts-4.28.0.RELEASE\plugins\org.eclipse.m2e.maven.runtime_3.9.900.20240824-1409
2025-06-23 16:26:52,812 [Worker-41: Launching Executing clean in C__spring_workspace_sb01_Email] INFO  o.eclipse.m2e.core.internal.Bundles - 	Entry: C:\spring\sts-4.28.0.RELEASE\plugins\org.eclipse.m2e.maven.runtime_3.9.900.20240824-1409\jars\aopalliance-1.0.jar
2025-06-23 16:26:52,813 [Worker-41: Launching Executing clean in C__spring_workspace_sb01_Email] INFO  o.eclipse.m2e.core.internal.Bundles - 	Entry: C:\spring\sts-4.28.0.RELEASE\plugins\org.eclipse.m2e.maven.runtime_3.9.900.20240824-1409\jars\guice-5.1.0.jar
2025-06-23 16:26:52,813 [Worker-41: Launching Executing clean in C__spring_workspace_sb01_Email] INFO  o.eclipse.m2e.core.internal.Bundles - 	Entry: C:\spring\sts-4.28.0.RELEASE\plugins\org.eclipse.m2e.maven.runtime_3.9.900.20240824-1409\jars\httpclient-4.5.14.jar
2025-06-23 16:26:52,814 [Worker-41: Launching Executing clean in C__spring_workspace_sb01_Email] INFO  o.eclipse.m2e.core.internal.Bundles - 	Entry: C:\spring\sts-4.28.0.RELEASE\plugins\org.eclipse.m2e.maven.runtime_3.9.900.20240824-1409\jars\httpcore-4.4.16.jar
2025-06-23 16:26:52,814 [Worker-41: Launching Executing clean in C__spring_workspace_sb01_Email] INFO  o.eclipse.m2e.core.internal.Bundles - 	Entry: C:\spring\sts-4.28.0.RELEASE\plugins\org.eclipse.m2e.maven.runtime_3.9.900.20240824-1409\jars\jansi-2.4.1.jar
2025-06-23 16:26:52,815 [Worker-41: Launching Executing clean in C__spring_workspace_sb01_Email] INFO  o.eclipse.m2e.core.internal.Bundles - 	Entry: C:\spring\sts-4.28.0.RELEASE\plugins\org.eclipse.m2e.maven.runtime_3.9.900.20240824-1409\jars\jcl-over-slf4j-1.7.36.jar
2025-06-23 16:26:52,815 [Worker-41: Launching Executing clean in C__spring_workspace_sb01_Email] INFO  o.eclipse.m2e.core.internal.Bundles - 	Entry: C:\spring\sts-4.28.0.RELEASE\plugins\org.eclipse.m2e.maven.runtime_3.9.900.20240824-1409\jars\maven-artifact-3.9.9.jar
2025-06-23 16:26:52,815 [Worker-41: Launching Executing clean in C__spring_workspace_sb01_Email] INFO  o.eclipse.m2e.core.internal.Bundles - 	Entry: C:\spring\sts-4.28.0.RELEASE\plugins\org.eclipse.m2e.maven.runtime_3.9.900.20240824-1409\jars\maven-builder-support-3.9.9.jar
2025-06-23 16:26:52,816 [Worker-41: Launching Executing clean in C__spring_workspace_sb01_Email] INFO  o.eclipse.m2e.core.internal.Bundles - 	Entry: C:\spring\sts-4.28.0.RELEASE\plugins\org.eclipse.m2e.maven.runtime_3.9.900.20240824-1409\jars\maven-compat-3.9.9.jar
2025-06-23 16:26:52,816 [Worker-41: Launching Executing clean in C__spring_workspace_sb01_Email] INFO  o.eclipse.m2e.core.internal.Bundles - 	Entry: C:\spring\sts-4.28.0.RELEASE\plugins\org.eclipse.m2e.maven.runtime_3.9.900.20240824-1409\jars\maven-core-3.9.9.jar
2025-06-23 16:26:52,816 [Worker-41: Launching Executing clean in C__spring_workspace_sb01_Email] INFO  o.eclipse.m2e.core.internal.Bundles - 	Entry: C:\spring\sts-4.28.0.RELEASE\plugins\org.eclipse.m2e.maven.runtime_3.9.900.20240824-1409\jars\maven-embedder-3.9.9.jar
2025-06-23 16:26:52,817 [Worker-41: Launching Executing clean in C__spring_workspace_sb01_Email] INFO  o.eclipse.m2e.core.internal.Bundles - 	Entry: C:\spring\sts-4.28.0.RELEASE\plugins\org.eclipse.m2e.maven.runtime_3.9.900.20240824-1409\jars\maven-model-3.9.9.jar
2025-06-23 16:26:52,817 [Worker-41: Launching Executing clean in C__spring_workspace_sb01_Email] INFO  o.eclipse.m2e.core.internal.Bundles - 	Entry: C:\spring\sts-4.28.0.RELEASE\plugins\org.eclipse.m2e.maven.runtime_3.9.900.20240824-1409\jars\maven-model-builder-3.9.9.jar
2025-06-23 16:26:52,817 [Worker-41: Launching Executing clean in C__spring_workspace_sb01_Email] INFO  o.eclipse.m2e.core.internal.Bundles - 	Entry: C:\spring\sts-4.28.0.RELEASE\plugins\org.eclipse.m2e.maven.runtime_3.9.900.20240824-1409\jars\maven-plugin-api-3.9.9.jar
2025-06-23 16:26:52,819 [Worker-41: Launching Executing clean in C__spring_workspace_sb01_Email] INFO  o.eclipse.m2e.core.internal.Bundles - 	Entry: C:\spring\sts-4.28.0.RELEASE\plugins\org.eclipse.m2e.maven.runtime_3.9.900.20240824-1409\jars\maven-repository-metadata-3.9.9.jar
2025-06-23 16:26:52,819 [Worker-41: Launching Executing clean in C__spring_workspace_sb01_Email] INFO  o.eclipse.m2e.core.internal.Bundles - 	Entry: C:\spring\sts-4.28.0.RELEASE\plugins\org.eclipse.m2e.maven.runtime_3.9.900.20240824-1409\jars\maven-resolver-api-1.9.22.jar
2025-06-23 16:26:52,820 [Worker-41: Launching Executing clean in C__spring_workspace_sb01_Email] INFO  o.eclipse.m2e.core.internal.Bundles - 	Entry: C:\spring\sts-4.28.0.RELEASE\plugins\org.eclipse.m2e.maven.runtime_3.9.900.20240824-1409\jars\maven-resolver-connector-basic-1.9.22.jar
2025-06-23 16:26:52,820 [Worker-41: Launching Executing clean in C__spring_workspace_sb01_Email] INFO  o.eclipse.m2e.core.internal.Bundles - 	Entry: C:\spring\sts-4.28.0.RELEASE\plugins\org.eclipse.m2e.maven.runtime_3.9.900.20240824-1409\jars\maven-resolver-impl-1.9.22.jar
2025-06-23 16:26:52,820 [Worker-41: Launching Executing clean in C__spring_workspace_sb01_Email] INFO  o.eclipse.m2e.core.internal.Bundles - 	Entry: C:\spring\sts-4.28.0.RELEASE\plugins\org.eclipse.m2e.maven.runtime_3.9.900.20240824-1409\jars\maven-resolver-named-locks-1.9.22.jar
2025-06-23 16:26:52,821 [Worker-41: Launching Executing clean in C__spring_workspace_sb01_Email] INFO  o.eclipse.m2e.core.internal.Bundles - 	Entry: C:\spring\sts-4.28.0.RELEASE\plugins\org.eclipse.m2e.maven.runtime_3.9.900.20240824-1409\jars\maven-resolver-provider-3.9.9.jar
2025-06-23 16:26:52,821 [Worker-41: Launching Executing clean in C__spring_workspace_sb01_Email] INFO  o.eclipse.m2e.core.internal.Bundles - 	Entry: C:\spring\sts-4.28.0.RELEASE\plugins\org.eclipse.m2e.maven.runtime_3.9.900.20240824-1409\jars\maven-resolver-spi-1.9.22.jar
2025-06-23 16:26:52,821 [Worker-41: Launching Executing clean in C__spring_workspace_sb01_Email] INFO  o.eclipse.m2e.core.internal.Bundles - 	Entry: C:\spring\sts-4.28.0.RELEASE\plugins\org.eclipse.m2e.maven.runtime_3.9.900.20240824-1409\jars\maven-resolver-transport-file-1.9.22.jar
2025-06-23 16:26:52,822 [Worker-41: Launching Executing clean in C__spring_workspace_sb01_Email] INFO  o.eclipse.m2e.core.internal.Bundles - 	Entry: C:\spring\sts-4.28.0.RELEASE\plugins\org.eclipse.m2e.maven.runtime_3.9.900.20240824-1409\jars\maven-resolver-transport-http-1.9.22.jar
2025-06-23 16:26:52,822 [Worker-41: Launching Executing clean in C__spring_workspace_sb01_Email] INFO  o.eclipse.m2e.core.internal.Bundles - 	Entry: C:\spring\sts-4.28.0.RELEASE\plugins\org.eclipse.m2e.maven.runtime_3.9.900.20240824-1409\jars\maven-resolver-transport-wagon-1.9.22.jar
2025-06-23 16:26:52,822 [Worker-41: Launching Executing clean in C__spring_workspace_sb01_Email] INFO  o.eclipse.m2e.core.internal.Bundles - 	Entry: C:\spring\sts-4.28.0.RELEASE\plugins\org.eclipse.m2e.maven.runtime_3.9.900.20240824-1409\jars\maven-resolver-util-1.9.22.jar
2025-06-23 16:26:52,823 [Worker-41: Launching Executing clean in C__spring_workspace_sb01_Email] INFO  o.eclipse.m2e.core.internal.Bundles - 	Entry: C:\spring\sts-4.28.0.RELEASE\plugins\org.eclipse.m2e.maven.runtime_3.9.900.20240824-1409\jars\maven-settings-3.9.9.jar
2025-06-23 16:26:52,823 [Worker-41: Launching Executing clean in C__spring_workspace_sb01_Email] INFO  o.eclipse.m2e.core.internal.Bundles - 	Entry: C:\spring\sts-4.28.0.RELEASE\plugins\org.eclipse.m2e.maven.runtime_3.9.900.20240824-1409\jars\maven-settings-builder-3.9.9.jar
2025-06-23 16:26:52,823 [Worker-41: Launching Executing clean in C__spring_workspace_sb01_Email] INFO  o.eclipse.m2e.core.internal.Bundles - 	Entry: C:\spring\sts-4.28.0.RELEASE\plugins\org.eclipse.m2e.maven.runtime_3.9.900.20240824-1409\jars\maven-shared-utils-3.4.2.jar
2025-06-23 16:26:52,823 [Worker-41: Launching Executing clean in C__spring_workspace_sb01_Email] INFO  o.eclipse.m2e.core.internal.Bundles - 	Entry: C:\spring\sts-4.28.0.RELEASE\plugins\org.eclipse.m2e.maven.runtime_3.9.900.20240824-1409\jars\org.eclipse.sisu.inject-0.9.0.M3.jar
2025-06-23 16:26:52,824 [Worker-41: Launching Executing clean in C__spring_workspace_sb01_Email] INFO  o.eclipse.m2e.core.internal.Bundles - 	Entry: C:\spring\sts-4.28.0.RELEASE\plugins\org.eclipse.m2e.maven.runtime_3.9.900.20240824-1409\jars\org.eclipse.sisu.plexus-0.9.0.M3.jar
2025-06-23 16:26:52,824 [Worker-41: Launching Executing clean in C__spring_workspace_sb01_Email] INFO  o.eclipse.m2e.core.internal.Bundles - 	Entry: C:\spring\sts-4.28.0.RELEASE\plugins\org.eclipse.m2e.maven.runtime_3.9.900.20240824-1409\jars\plexus-build-api-0.0.7.jar
2025-06-23 16:26:52,824 [Worker-41: Launching Executing clean in C__spring_workspace_sb01_Email] INFO  o.eclipse.m2e.core.internal.Bundles - 	Entry: C:\spring\sts-4.28.0.RELEASE\plugins\org.eclipse.m2e.maven.runtime_3.9.900.20240824-1409\jars\plexus-build-api-1.2.0.jar
2025-06-23 16:26:52,824 [Worker-41: Launching Executing clean in C__spring_workspace_sb01_Email] INFO  o.eclipse.m2e.core.internal.Bundles - 	Entry: C:\spring\sts-4.28.0.RELEASE\plugins\org.eclipse.m2e.maven.runtime_3.9.900.20240824-1409\jars\plexus-cipher-2.0.jar
2025-06-23 16:26:52,825 [Worker-41: Launching Executing clean in C__spring_workspace_sb01_Email] INFO  o.eclipse.m2e.core.internal.Bundles - 	Entry: C:\spring\sts-4.28.0.RELEASE\plugins\org.eclipse.m2e.maven.runtime_3.9.900.20240824-1409\jars\plexus-classworlds-2.8.0.jar
2025-06-23 16:26:52,825 [Worker-41: Launching Executing clean in C__spring_workspace_sb01_Email] INFO  o.eclipse.m2e.core.internal.Bundles - 	Entry: C:\spring\sts-4.28.0.RELEASE\plugins\org.eclipse.m2e.maven.runtime_3.9.900.20240824-1409\jars\plexus-component-annotations-2.1.0.jar
2025-06-23 16:26:52,825 [Worker-41: Launching Executing clean in C__spring_workspace_sb01_Email] INFO  o.eclipse.m2e.core.internal.Bundles - 	Entry: C:\spring\sts-4.28.0.RELEASE\plugins\org.eclipse.m2e.maven.runtime_3.9.900.20240824-1409\jars\plexus-interpolation-1.27.jar
2025-06-23 16:26:52,826 [Worker-41: Launching Executing clean in C__spring_workspace_sb01_Email] INFO  o.eclipse.m2e.core.internal.Bundles - 	Entry: C:\spring\sts-4.28.0.RELEASE\plugins\org.eclipse.m2e.maven.runtime_3.9.900.20240824-1409\jars\plexus-sec-dispatcher-2.0.jar
2025-06-23 16:26:52,826 [Worker-41: Launching Executing clean in C__spring_workspace_sb01_Email] INFO  o.eclipse.m2e.core.internal.Bundles - 	Entry: C:\spring\sts-4.28.0.RELEASE\plugins\org.eclipse.m2e.maven.runtime_3.9.900.20240824-1409\jars\plexus-utils-3.5.1.jar
2025-06-23 16:26:52,826 [Worker-41: Launching Executing clean in C__spring_workspace_sb01_Email] INFO  o.eclipse.m2e.core.internal.Bundles - 	Entry: C:\spring\sts-4.28.0.RELEASE\plugins\org.eclipse.m2e.maven.runtime_3.9.900.20240824-1409\jars\plexus-xml-3.0.1.jar
2025-06-23 16:26:52,826 [Worker-41: Launching Executing clean in C__spring_workspace_sb01_Email] INFO  o.eclipse.m2e.core.internal.Bundles - 	Entry: C:\spring\sts-4.28.0.RELEASE\plugins\org.eclipse.m2e.maven.runtime_3.9.900.20240824-1409\jars\wagon-file-3.5.3.jar
2025-06-23 16:26:52,827 [Worker-41: Launching Executing clean in C__spring_workspace_sb01_Email] INFO  o.eclipse.m2e.core.internal.Bundles - 	Entry: C:\spring\sts-4.28.0.RELEASE\plugins\org.eclipse.m2e.maven.runtime_3.9.900.20240824-1409\jars\wagon-http-3.5.3.jar
2025-06-23 16:26:52,827 [Worker-41: Launching Executing clean in C__spring_workspace_sb01_Email] INFO  o.eclipse.m2e.core.internal.Bundles - 	Entry: C:\spring\sts-4.28.0.RELEASE\plugins\org.eclipse.m2e.maven.runtime_3.9.900.20240824-1409\jars\wagon-http-shared-3.5.3.jar
2025-06-23 16:26:52,827 [Worker-41: Launching Executing clean in C__spring_workspace_sb01_Email] INFO  o.eclipse.m2e.core.internal.Bundles - 	Entry: C:\spring\sts-4.28.0.RELEASE\plugins\org.eclipse.m2e.maven.runtime_3.9.900.20240824-1409\jars\wagon-provider-api-3.5.3.jar
2025-06-23 16:26:52,835 [Worker-41: Launching Executing clean in C__spring_workspace_sb01_Email] INFO  o.eclipse.m2e.core.internal.Bundles - getClasspathEntries(Bundle=com.google.guava_33.3.1.jre [29])
2025-06-23 16:26:52,836 [Worker-41: Launching Executing clean in C__spring_workspace_sb01_Email] INFO  o.eclipse.m2e.core.internal.Bundles - 	Entry: C:\spring\sts-4.28.0.RELEASE\plugins\com.google.guava_33.3.1.jre.jar
2025-06-23 16:26:52,836 [Worker-41: Launching Executing clean in C__spring_workspace_sb01_Email] INFO  o.eclipse.m2e.core.internal.Bundles - getClasspathEntries(Bundle=slf4j.api_2.0.16 [615])
2025-06-23 16:26:52,836 [Worker-41: Launching Executing clean in C__spring_workspace_sb01_Email] INFO  o.eclipse.m2e.core.internal.Bundles - 	Entry: C:\spring\sts-4.28.0.RELEASE\plugins\slf4j.api_2.0.16.jar
2025-06-23 16:26:52,836 [Worker-41: Launching Executing clean in C__spring_workspace_sb01_Email] INFO  o.eclipse.m2e.core.internal.Bundles - getClasspathEntries(Bundle=jakarta.inject.jakarta.inject-api_1.0.5 [45])
2025-06-23 16:26:52,837 [Worker-41: Launching Executing clean in C__spring_workspace_sb01_Email] INFO  o.eclipse.m2e.core.internal.Bundles - 	Entry: C:\spring\sts-4.28.0.RELEASE\plugins\jakarta.inject.jakarta.inject-api_1.0.5.jar
2025-06-23 16:26:52,837 [Worker-41: Launching Executing clean in C__spring_workspace_sb01_Email] INFO  o.eclipse.m2e.core.internal.Bundles - getClasspathEntries(Bundle=jakarta.annotation-api_1.3.5 [41])
2025-06-23 16:26:52,837 [Worker-41: Launching Executing clean in C__spring_workspace_sb01_Email] INFO  o.eclipse.m2e.core.internal.Bundles - 	Entry: C:\spring\sts-4.28.0.RELEASE\plugins\jakarta.annotation-api_1.3.5.jar
2025-06-23 16:26:52,837 [Worker-41: Launching Executing clean in C__spring_workspace_sb01_Email] INFO  o.eclipse.m2e.core.internal.Bundles - getClasspathEntries(Bundle=org.apache.commons.cli_1.9.0 [78])
2025-06-23 16:26:52,837 [Worker-41: Launching Executing clean in C__spring_workspace_sb01_Email] INFO  o.eclipse.m2e.core.internal.Bundles - 	Entry: C:\spring\sts-4.28.0.RELEASE\plugins\org.apache.commons.cli_1.9.0.jar
2025-06-23 16:26:52,837 [Worker-41: Launching Executing clean in C__spring_workspace_sb01_Email] INFO  o.eclipse.m2e.core.internal.Bundles - getClasspathEntries(Bundle=org.apache.commons.commons-codec_1.16.0 [81])
2025-06-23 16:26:52,837 [Worker-41: Launching Executing clean in C__spring_workspace_sb01_Email] INFO  o.eclipse.m2e.core.internal.Bundles - 	Entry: C:\spring\sts-4.28.0.RELEASE\plugins\org.apache.commons.commons-codec_1.16.0.jar
2025-06-23 16:26:52,837 [Worker-41: Launching Executing clean in C__spring_workspace_sb01_Email] INFO  o.eclipse.m2e.core.internal.Bundles - getClasspathEntries(Bundle=com.google.guava.failureaccess_1.0.2 [30])
2025-06-23 16:26:52,838 [Worker-41: Launching Executing clean in C__spring_workspace_sb01_Email] INFO  o.eclipse.m2e.core.internal.Bundles - 	Entry: C:\spring\sts-4.28.0.RELEASE\plugins\com.google.guava.failureaccess_1.0.2.jar
2025-06-23 16:26:52,848 [Worker-41: Launching Executing clean in C__spring_workspace_sb01_Email] INFO  o.e.m.i.launch.MavenLaunchDelegate - Run build in "C:\spring\workspace\sb01\Email":
2025-06-23 16:26:52,852 [Worker-41: Launching Executing clean in C__spring_workspace_sb01_Email] INFO  o.e.m.i.launch.MavenLaunchDelegate -  mvn  -Ppom.xml -B -Dstyle.color=always clean
2025-06-23 16:26:57,485 [Worker-40: Building] INFO  o.a.m.s.f.DefaultMavenResourcesFiltering - Copying 1 resource from src\main\resources to target\classes
2025-06-23 16:26:57,487 [Worker-40: Building] INFO  o.a.m.s.f.DefaultMavenResourcesFiltering - Copying 0 resource from src\main\resources to target\classes
2025-06-23 16:26:57,491 [Worker-40: Building] INFO  o.a.m.s.f.DefaultMavenResourcesFiltering - skip non existing resourceDirectory C:\spring\workspace\sb01\Email\src\test\resources
2025-06-23 16:27:19,574 [Worker-39: Launching Executing install in C__spring_workspace_sb01_Email] INFO  o.eclipse.m2e.core.internal.Bundles - getClasspathEntries(Bundle=org.eclipse.m2e.maven.runtime_3.9.900.20240824-1409 [364])
2025-06-23 16:27:19,575 [Worker-39: Launching Executing install in C__spring_workspace_sb01_Email] INFO  o.eclipse.m2e.core.internal.Bundles - 	Entry: C:\spring\sts-4.28.0.RELEASE\plugins\org.eclipse.m2e.maven.runtime_3.9.900.20240824-1409
2025-06-23 16:27:19,575 [Worker-39: Launching Executing install in C__spring_workspace_sb01_Email] INFO  o.eclipse.m2e.core.internal.Bundles - 	Entry: C:\spring\sts-4.28.0.RELEASE\plugins\org.eclipse.m2e.maven.runtime_3.9.900.20240824-1409\jars\aopalliance-1.0.jar
2025-06-23 16:27:19,575 [Worker-39: Launching Executing install in C__spring_workspace_sb01_Email] INFO  o.eclipse.m2e.core.internal.Bundles - 	Entry: C:\spring\sts-4.28.0.RELEASE\plugins\org.eclipse.m2e.maven.runtime_3.9.900.20240824-1409\jars\guice-5.1.0.jar
2025-06-23 16:27:19,576 [Worker-39: Launching Executing install in C__spring_workspace_sb01_Email] INFO  o.eclipse.m2e.core.internal.Bundles - 	Entry: C:\spring\sts-4.28.0.RELEASE\plugins\org.eclipse.m2e.maven.runtime_3.9.900.20240824-1409\jars\httpclient-4.5.14.jar
2025-06-23 16:27:19,576 [Worker-39: Launching Executing install in C__spring_workspace_sb01_Email] INFO  o.eclipse.m2e.core.internal.Bundles - 	Entry: C:\spring\sts-4.28.0.RELEASE\plugins\org.eclipse.m2e.maven.runtime_3.9.900.20240824-1409\jars\httpcore-4.4.16.jar
2025-06-23 16:27:19,576 [Worker-39: Launching Executing install in C__spring_workspace_sb01_Email] INFO  o.eclipse.m2e.core.internal.Bundles - 	Entry: C:\spring\sts-4.28.0.RELEASE\plugins\org.eclipse.m2e.maven.runtime_3.9.900.20240824-1409\jars\jansi-2.4.1.jar
2025-06-23 16:27:19,576 [Worker-39: Launching Executing install in C__spring_workspace_sb01_Email] INFO  o.eclipse.m2e.core.internal.Bundles - 	Entry: C:\spring\sts-4.28.0.RELEASE\plugins\org.eclipse.m2e.maven.runtime_3.9.900.20240824-1409\jars\jcl-over-slf4j-1.7.36.jar
2025-06-23 16:27:19,576 [Worker-39: Launching Executing install in C__spring_workspace_sb01_Email] INFO  o.eclipse.m2e.core.internal.Bundles - 	Entry: C:\spring\sts-4.28.0.RELEASE\plugins\org.eclipse.m2e.maven.runtime_3.9.900.20240824-1409\jars\maven-artifact-3.9.9.jar
2025-06-23 16:27:19,577 [Worker-39: Launching Executing install in C__spring_workspace_sb01_Email] INFO  o.eclipse.m2e.core.internal.Bundles - 	Entry: C:\spring\sts-4.28.0.RELEASE\plugins\org.eclipse.m2e.maven.runtime_3.9.900.20240824-1409\jars\maven-builder-support-3.9.9.jar
2025-06-23 16:27:19,577 [Worker-39: Launching Executing install in C__spring_workspace_sb01_Email] INFO  o.eclipse.m2e.core.internal.Bundles - 	Entry: C:\spring\sts-4.28.0.RELEASE\plugins\org.eclipse.m2e.maven.runtime_3.9.900.20240824-1409\jars\maven-compat-3.9.9.jar
2025-06-23 16:27:19,577 [Worker-39: Launching Executing install in C__spring_workspace_sb01_Email] INFO  o.eclipse.m2e.core.internal.Bundles - 	Entry: C:\spring\sts-4.28.0.RELEASE\plugins\org.eclipse.m2e.maven.runtime_3.9.900.20240824-1409\jars\maven-core-3.9.9.jar
2025-06-23 16:27:19,577 [Worker-39: Launching Executing install in C__spring_workspace_sb01_Email] INFO  o.eclipse.m2e.core.internal.Bundles - 	Entry: C:\spring\sts-4.28.0.RELEASE\plugins\org.eclipse.m2e.maven.runtime_3.9.900.20240824-1409\jars\maven-embedder-3.9.9.jar
2025-06-23 16:27:19,577 [Worker-39: Launching Executing install in C__spring_workspace_sb01_Email] INFO  o.eclipse.m2e.core.internal.Bundles - 	Entry: C:\spring\sts-4.28.0.RELEASE\plugins\org.eclipse.m2e.maven.runtime_3.9.900.20240824-1409\jars\maven-model-3.9.9.jar
2025-06-23 16:27:19,577 [Worker-39: Launching Executing install in C__spring_workspace_sb01_Email] INFO  o.eclipse.m2e.core.internal.Bundles - 	Entry: C:\spring\sts-4.28.0.RELEASE\plugins\org.eclipse.m2e.maven.runtime_3.9.900.20240824-1409\jars\maven-model-builder-3.9.9.jar
2025-06-23 16:27:19,578 [Worker-39: Launching Executing install in C__spring_workspace_sb01_Email] INFO  o.eclipse.m2e.core.internal.Bundles - 	Entry: C:\spring\sts-4.28.0.RELEASE\plugins\org.eclipse.m2e.maven.runtime_3.9.900.20240824-1409\jars\maven-plugin-api-3.9.9.jar
2025-06-23 16:27:19,578 [Worker-39: Launching Executing install in C__spring_workspace_sb01_Email] INFO  o.eclipse.m2e.core.internal.Bundles - 	Entry: C:\spring\sts-4.28.0.RELEASE\plugins\org.eclipse.m2e.maven.runtime_3.9.900.20240824-1409\jars\maven-repository-metadata-3.9.9.jar
2025-06-23 16:27:19,578 [Worker-39: Launching Executing install in C__spring_workspace_sb01_Email] INFO  o.eclipse.m2e.core.internal.Bundles - 	Entry: C:\spring\sts-4.28.0.RELEASE\plugins\org.eclipse.m2e.maven.runtime_3.9.900.20240824-1409\jars\maven-resolver-api-1.9.22.jar
2025-06-23 16:27:19,578 [Worker-39: Launching Executing install in C__spring_workspace_sb01_Email] INFO  o.eclipse.m2e.core.internal.Bundles - 	Entry: C:\spring\sts-4.28.0.RELEASE\plugins\org.eclipse.m2e.maven.runtime_3.9.900.20240824-1409\jars\maven-resolver-connector-basic-1.9.22.jar
2025-06-23 16:27:19,579 [Worker-39: Launching Executing install in C__spring_workspace_sb01_Email] INFO  o.eclipse.m2e.core.internal.Bundles - 	Entry: C:\spring\sts-4.28.0.RELEASE\plugins\org.eclipse.m2e.maven.runtime_3.9.900.20240824-1409\jars\maven-resolver-impl-1.9.22.jar
2025-06-23 16:27:19,579 [Worker-39: Launching Executing install in C__spring_workspace_sb01_Email] INFO  o.eclipse.m2e.core.internal.Bundles - 	Entry: C:\spring\sts-4.28.0.RELEASE\plugins\org.eclipse.m2e.maven.runtime_3.9.900.20240824-1409\jars\maven-resolver-named-locks-1.9.22.jar
2025-06-23 16:27:19,579 [Worker-39: Launching Executing install in C__spring_workspace_sb01_Email] INFO  o.eclipse.m2e.core.internal.Bundles - 	Entry: C:\spring\sts-4.28.0.RELEASE\plugins\org.eclipse.m2e.maven.runtime_3.9.900.20240824-1409\jars\maven-resolver-provider-3.9.9.jar
2025-06-23 16:27:19,579 [Worker-39: Launching Executing install in C__spring_workspace_sb01_Email] INFO  o.eclipse.m2e.core.internal.Bundles - 	Entry: C:\spring\sts-4.28.0.RELEASE\plugins\org.eclipse.m2e.maven.runtime_3.9.900.20240824-1409\jars\maven-resolver-spi-1.9.22.jar
2025-06-23 16:27:19,579 [Worker-39: Launching Executing install in C__spring_workspace_sb01_Email] INFO  o.eclipse.m2e.core.internal.Bundles - 	Entry: C:\spring\sts-4.28.0.RELEASE\plugins\org.eclipse.m2e.maven.runtime_3.9.900.20240824-1409\jars\maven-resolver-transport-file-1.9.22.jar
2025-06-23 16:27:19,579 [Worker-39: Launching Executing install in C__spring_workspace_sb01_Email] INFO  o.eclipse.m2e.core.internal.Bundles - 	Entry: C:\spring\sts-4.28.0.RELEASE\plugins\org.eclipse.m2e.maven.runtime_3.9.900.20240824-1409\jars\maven-resolver-transport-http-1.9.22.jar
2025-06-23 16:27:19,580 [Worker-39: Launching Executing install in C__spring_workspace_sb01_Email] INFO  o.eclipse.m2e.core.internal.Bundles - 	Entry: C:\spring\sts-4.28.0.RELEASE\plugins\org.eclipse.m2e.maven.runtime_3.9.900.20240824-1409\jars\maven-resolver-transport-wagon-1.9.22.jar
2025-06-23 16:27:19,580 [Worker-39: Launching Executing install in C__spring_workspace_sb01_Email] INFO  o.eclipse.m2e.core.internal.Bundles - 	Entry: C:\spring\sts-4.28.0.RELEASE\plugins\org.eclipse.m2e.maven.runtime_3.9.900.20240824-1409\jars\maven-resolver-util-1.9.22.jar
2025-06-23 16:27:19,580 [Worker-39: Launching Executing install in C__spring_workspace_sb01_Email] INFO  o.eclipse.m2e.core.internal.Bundles - 	Entry: C:\spring\sts-4.28.0.RELEASE\plugins\org.eclipse.m2e.maven.runtime_3.9.900.20240824-1409\jars\maven-settings-3.9.9.jar
2025-06-23 16:27:19,580 [Worker-39: Launching Executing install in C__spring_workspace_sb01_Email] INFO  o.eclipse.m2e.core.internal.Bundles - 	Entry: C:\spring\sts-4.28.0.RELEASE\plugins\org.eclipse.m2e.maven.runtime_3.9.900.20240824-1409\jars\maven-settings-builder-3.9.9.jar
2025-06-23 16:27:19,580 [Worker-39: Launching Executing install in C__spring_workspace_sb01_Email] INFO  o.eclipse.m2e.core.internal.Bundles - 	Entry: C:\spring\sts-4.28.0.RELEASE\plugins\org.eclipse.m2e.maven.runtime_3.9.900.20240824-1409\jars\maven-shared-utils-3.4.2.jar
2025-06-23 16:27:19,581 [Worker-39: Launching Executing install in C__spring_workspace_sb01_Email] INFO  o.eclipse.m2e.core.internal.Bundles - 	Entry: C:\spring\sts-4.28.0.RELEASE\plugins\org.eclipse.m2e.maven.runtime_3.9.900.20240824-1409\jars\org.eclipse.sisu.inject-0.9.0.M3.jar
2025-06-23 16:27:19,581 [Worker-39: Launching Executing install in C__spring_workspace_sb01_Email] INFO  o.eclipse.m2e.core.internal.Bundles - 	Entry: C:\spring\sts-4.28.0.RELEASE\plugins\org.eclipse.m2e.maven.runtime_3.9.900.20240824-1409\jars\org.eclipse.sisu.plexus-0.9.0.M3.jar
2025-06-23 16:27:19,581 [Worker-39: Launching Executing install in C__spring_workspace_sb01_Email] INFO  o.eclipse.m2e.core.internal.Bundles - 	Entry: C:\spring\sts-4.28.0.RELEASE\plugins\org.eclipse.m2e.maven.runtime_3.9.900.20240824-1409\jars\plexus-build-api-0.0.7.jar
2025-06-23 16:27:19,581 [Worker-39: Launching Executing install in C__spring_workspace_sb01_Email] INFO  o.eclipse.m2e.core.internal.Bundles - 	Entry: C:\spring\sts-4.28.0.RELEASE\plugins\org.eclipse.m2e.maven.runtime_3.9.900.20240824-1409\jars\plexus-build-api-1.2.0.jar
2025-06-23 16:27:19,581 [Worker-39: Launching Executing install in C__spring_workspace_sb01_Email] INFO  o.eclipse.m2e.core.internal.Bundles - 	Entry: C:\spring\sts-4.28.0.RELEASE\plugins\org.eclipse.m2e.maven.runtime_3.9.900.20240824-1409\jars\plexus-cipher-2.0.jar
2025-06-23 16:27:19,581 [Worker-39: Launching Executing install in C__spring_workspace_sb01_Email] INFO  o.eclipse.m2e.core.internal.Bundles - 	Entry: C:\spring\sts-4.28.0.RELEASE\plugins\org.eclipse.m2e.maven.runtime_3.9.900.20240824-1409\jars\plexus-classworlds-2.8.0.jar
2025-06-23 16:27:19,582 [Worker-39: Launching Executing install in C__spring_workspace_sb01_Email] INFO  o.eclipse.m2e.core.internal.Bundles - 	Entry: C:\spring\sts-4.28.0.RELEASE\plugins\org.eclipse.m2e.maven.runtime_3.9.900.20240824-1409\jars\plexus-component-annotations-2.1.0.jar
2025-06-23 16:27:19,582 [Worker-39: Launching Executing install in C__spring_workspace_sb01_Email] INFO  o.eclipse.m2e.core.internal.Bundles - 	Entry: C:\spring\sts-4.28.0.RELEASE\plugins\org.eclipse.m2e.maven.runtime_3.9.900.20240824-1409\jars\plexus-interpolation-1.27.jar
2025-06-23 16:27:19,582 [Worker-39: Launching Executing install in C__spring_workspace_sb01_Email] INFO  o.eclipse.m2e.core.internal.Bundles - 	Entry: C:\spring\sts-4.28.0.RELEASE\plugins\org.eclipse.m2e.maven.runtime_3.9.900.20240824-1409\jars\plexus-sec-dispatcher-2.0.jar
2025-06-23 16:27:19,582 [Worker-39: Launching Executing install in C__spring_workspace_sb01_Email] INFO  o.eclipse.m2e.core.internal.Bundles - 	Entry: C:\spring\sts-4.28.0.RELEASE\plugins\org.eclipse.m2e.maven.runtime_3.9.900.20240824-1409\jars\plexus-utils-3.5.1.jar
2025-06-23 16:27:19,582 [Worker-39: Launching Executing install in C__spring_workspace_sb01_Email] INFO  o.eclipse.m2e.core.internal.Bundles - 	Entry: C:\spring\sts-4.28.0.RELEASE\plugins\org.eclipse.m2e.maven.runtime_3.9.900.20240824-1409\jars\plexus-xml-3.0.1.jar
2025-06-23 16:27:19,583 [Worker-39: Launching Executing install in C__spring_workspace_sb01_Email] INFO  o.eclipse.m2e.core.internal.Bundles - 	Entry: C:\spring\sts-4.28.0.RELEASE\plugins\org.eclipse.m2e.maven.runtime_3.9.900.20240824-1409\jars\wagon-file-3.5.3.jar
2025-06-23 16:27:19,583 [Worker-39: Launching Executing install in C__spring_workspace_sb01_Email] INFO  o.eclipse.m2e.core.internal.Bundles - 	Entry: C:\spring\sts-4.28.0.RELEASE\plugins\org.eclipse.m2e.maven.runtime_3.9.900.20240824-1409\jars\wagon-http-3.5.3.jar
2025-06-23 16:27:19,583 [Worker-39: Launching Executing install in C__spring_workspace_sb01_Email] INFO  o.eclipse.m2e.core.internal.Bundles - 	Entry: C:\spring\sts-4.28.0.RELEASE\plugins\org.eclipse.m2e.maven.runtime_3.9.900.20240824-1409\jars\wagon-http-shared-3.5.3.jar
2025-06-23 16:27:19,584 [Worker-39: Launching Executing install in C__spring_workspace_sb01_Email] INFO  o.eclipse.m2e.core.internal.Bundles - 	Entry: C:\spring\sts-4.28.0.RELEASE\plugins\org.eclipse.m2e.maven.runtime_3.9.900.20240824-1409\jars\wagon-provider-api-3.5.3.jar
2025-06-23 16:27:19,585 [Worker-39: Launching Executing install in C__spring_workspace_sb01_Email] INFO  o.eclipse.m2e.core.internal.Bundles - getClasspathEntries(Bundle=com.google.guava_33.3.1.jre [29])
2025-06-23 16:27:19,585 [Worker-39: Launching Executing install in C__spring_workspace_sb01_Email] INFO  o.eclipse.m2e.core.internal.Bundles - 	Entry: C:\spring\sts-4.28.0.RELEASE\plugins\com.google.guava_33.3.1.jre.jar
2025-06-23 16:27:19,585 [Worker-39: Launching Executing install in C__spring_workspace_sb01_Email] INFO  o.eclipse.m2e.core.internal.Bundles - getClasspathEntries(Bundle=slf4j.api_2.0.16 [615])
2025-06-23 16:27:19,586 [Worker-39: Launching Executing install in C__spring_workspace_sb01_Email] INFO  o.eclipse.m2e.core.internal.Bundles - 	Entry: C:\spring\sts-4.28.0.RELEASE\plugins\slf4j.api_2.0.16.jar
2025-06-23 16:27:19,586 [Worker-39: Launching Executing install in C__spring_workspace_sb01_Email] INFO  o.eclipse.m2e.core.internal.Bundles - getClasspathEntries(Bundle=jakarta.inject.jakarta.inject-api_1.0.5 [45])
2025-06-23 16:27:19,586 [Worker-39: Launching Executing install in C__spring_workspace_sb01_Email] INFO  o.eclipse.m2e.core.internal.Bundles - 	Entry: C:\spring\sts-4.28.0.RELEASE\plugins\jakarta.inject.jakarta.inject-api_1.0.5.jar
2025-06-23 16:27:19,586 [Worker-39: Launching Executing install in C__spring_workspace_sb01_Email] INFO  o.eclipse.m2e.core.internal.Bundles - getClasspathEntries(Bundle=jakarta.annotation-api_1.3.5 [41])
2025-06-23 16:27:19,586 [Worker-39: Launching Executing install in C__spring_workspace_sb01_Email] INFO  o.eclipse.m2e.core.internal.Bundles - 	Entry: C:\spring\sts-4.28.0.RELEASE\plugins\jakarta.annotation-api_1.3.5.jar
2025-06-23 16:27:19,586 [Worker-39: Launching Executing install in C__spring_workspace_sb01_Email] INFO  o.eclipse.m2e.core.internal.Bundles - getClasspathEntries(Bundle=org.apache.commons.cli_1.9.0 [78])
2025-06-23 16:27:19,587 [Worker-39: Launching Executing install in C__spring_workspace_sb01_Email] INFO  o.eclipse.m2e.core.internal.Bundles - 	Entry: C:\spring\sts-4.28.0.RELEASE\plugins\org.apache.commons.cli_1.9.0.jar
2025-06-23 16:27:19,587 [Worker-39: Launching Executing install in C__spring_workspace_sb01_Email] INFO  o.eclipse.m2e.core.internal.Bundles - getClasspathEntries(Bundle=org.apache.commons.commons-codec_1.16.0 [81])
2025-06-23 16:27:19,587 [Worker-39: Launching Executing install in C__spring_workspace_sb01_Email] INFO  o.eclipse.m2e.core.internal.Bundles - 	Entry: C:\spring\sts-4.28.0.RELEASE\plugins\org.apache.commons.commons-codec_1.16.0.jar
2025-06-23 16:27:19,587 [Worker-39: Launching Executing install in C__spring_workspace_sb01_Email] INFO  o.eclipse.m2e.core.internal.Bundles - getClasspathEntries(Bundle=com.google.guava.failureaccess_1.0.2 [30])
2025-06-23 16:27:19,587 [Worker-39: Launching Executing install in C__spring_workspace_sb01_Email] INFO  o.eclipse.m2e.core.internal.Bundles - 	Entry: C:\spring\sts-4.28.0.RELEASE\plugins\com.google.guava.failureaccess_1.0.2.jar
2025-06-23 16:27:19,589 [Worker-39: Launching Executing install in C__spring_workspace_sb01_Email] INFO  o.e.m.i.launch.MavenLaunchDelegate - Run build in "C:\spring\workspace\sb01\Email":
2025-06-23 16:27:19,589 [Worker-39: Launching Executing install in C__spring_workspace_sb01_Email] INFO  o.e.m.i.launch.MavenLaunchDelegate -  mvn  -Ppom.xml -B -Dstyle.color=always install
2025-06-23 16:27:55,354 [Worker-21: Building] INFO  o.a.m.s.f.DefaultMavenResourcesFiltering - Copying 1 resource from src\main\resources to target\classes
2025-06-23 16:27:55,357 [Worker-21: Building] INFO  o.a.m.s.f.DefaultMavenResourcesFiltering - Copying 0 resource from src\main\resources to target\classes
2025-06-23 16:27:55,362 [Worker-21: Building] INFO  o.a.m.s.f.DefaultMavenResourcesFiltering - skip non existing resourceDirectory C:\spring\workspace\sb01\Email\src\test\resources
2025-06-23 16:44:14,459 [Worker-42: Building] INFO  o.a.m.s.f.DefaultMavenResourcesFiltering - Copying 0 resource from src\main\resources to target\classes
2025-06-23 16:44:14,459 [Worker-42: Building] INFO  o.a.m.s.f.DefaultMavenResourcesFiltering - Copying 0 resource from src\main\resources to target\classes
2025-06-23 16:44:14,459 [Worker-42: Building] INFO  o.a.m.s.f.DefaultMavenResourcesFiltering - skip non existing resourceDirectory C:\spring\workspace\sb01\Email\src\test\resources
2025-06-23 16:44:45,586 [Worker-21: Building] INFO  o.a.m.s.f.DefaultMavenResourcesFiltering - Copying 0 resource from src\main\resources to target\classes
2025-06-23 16:44:45,587 [Worker-21: Building] INFO  o.a.m.s.f.DefaultMavenResourcesFiltering - Copying 0 resource from src\main\resources to target\classes
2025-06-23 16:44:45,592 [Worker-21: Building] INFO  o.a.m.s.f.DefaultMavenResourcesFiltering - skip non existing resourceDirectory C:\spring\workspace\sb01\Email\src\test\resources
2025-06-23 17:05:10,801 [Worker-21: Building] INFO  o.a.m.s.f.DefaultMavenResourcesFiltering - Copying 0 resource from src\main\resources to target\classes
2025-06-23 17:05:10,802 [Worker-21: Building] INFO  o.a.m.s.f.DefaultMavenResourcesFiltering - Copying 0 resource from src\main\resources to target\classes
2025-06-23 17:05:10,806 [Worker-21: Building] INFO  o.a.m.s.f.DefaultMavenResourcesFiltering - skip non existing resourceDirectory C:\spring\workspace\sb01\Email\src\test\resources
2025-06-23 17:14:36,836 [Worker-5: Loading available Gradle versions] INFO  o.e.b.c.i.u.g.PublishedGradleVersions - Gradle version information cache is up-to-date. Trying to read.
2025-06-23 17:19:04,906 [Worker-3: Building] INFO  o.a.m.s.f.DefaultMavenResourcesFiltering - Copying 1 resource from src\main\resources to target\classes
2025-06-23 17:19:04,922 [Worker-3: Building] INFO  o.a.m.s.f.DefaultMavenResourcesFiltering - Copying 0 resource from src\main\resources to target\classes
2025-06-23 17:19:04,927 [Worker-3: Building] INFO  o.a.m.s.f.DefaultMavenResourcesFiltering - skip non existing resourceDirectory C:\spring\workspace\sb01\Email\src\test\resources
2025-06-23 17:19:13,304 [Worker-9: Launching Executing clean in C__spring_workspace_sb01_Email] INFO  o.eclipse.m2e.core.internal.Bundles - getClasspathEntries(Bundle=org.eclipse.m2e.maven.runtime_3.9.900.20240824-1409 [364])
2025-06-23 17:19:13,306 [Worker-9: Launching Executing clean in C__spring_workspace_sb01_Email] INFO  o.eclipse.m2e.core.internal.Bundles - 	Entry: C:\spring\sts-4.28.0.RELEASE\plugins\org.eclipse.m2e.maven.runtime_3.9.900.20240824-1409
2025-06-23 17:19:13,306 [Worker-9: Launching Executing clean in C__spring_workspace_sb01_Email] INFO  o.eclipse.m2e.core.internal.Bundles - 	Entry: C:\spring\sts-4.28.0.RELEASE\plugins\org.eclipse.m2e.maven.runtime_3.9.900.20240824-1409\jars\aopalliance-1.0.jar
2025-06-23 17:19:13,306 [Worker-9: Launching Executing clean in C__spring_workspace_sb01_Email] INFO  o.eclipse.m2e.core.internal.Bundles - 	Entry: C:\spring\sts-4.28.0.RELEASE\plugins\org.eclipse.m2e.maven.runtime_3.9.900.20240824-1409\jars\guice-5.1.0.jar
2025-06-23 17:19:13,306 [Worker-9: Launching Executing clean in C__spring_workspace_sb01_Email] INFO  o.eclipse.m2e.core.internal.Bundles - 	Entry: C:\spring\sts-4.28.0.RELEASE\plugins\org.eclipse.m2e.maven.runtime_3.9.900.20240824-1409\jars\httpclient-4.5.14.jar
2025-06-23 17:19:13,306 [Worker-9: Launching Executing clean in C__spring_workspace_sb01_Email] INFO  o.eclipse.m2e.core.internal.Bundles - 	Entry: C:\spring\sts-4.28.0.RELEASE\plugins\org.eclipse.m2e.maven.runtime_3.9.900.20240824-1409\jars\httpcore-4.4.16.jar
2025-06-23 17:19:13,307 [Worker-9: Launching Executing clean in C__spring_workspace_sb01_Email] INFO  o.eclipse.m2e.core.internal.Bundles - 	Entry: C:\spring\sts-4.28.0.RELEASE\plugins\org.eclipse.m2e.maven.runtime_3.9.900.20240824-1409\jars\jansi-2.4.1.jar
2025-06-23 17:19:13,307 [Worker-9: Launching Executing clean in C__spring_workspace_sb01_Email] INFO  o.eclipse.m2e.core.internal.Bundles - 	Entry: C:\spring\sts-4.28.0.RELEASE\plugins\org.eclipse.m2e.maven.runtime_3.9.900.20240824-1409\jars\jcl-over-slf4j-1.7.36.jar
2025-06-23 17:19:13,307 [Worker-9: Launching Executing clean in C__spring_workspace_sb01_Email] INFO  o.eclipse.m2e.core.internal.Bundles - 	Entry: C:\spring\sts-4.28.0.RELEASE\plugins\org.eclipse.m2e.maven.runtime_3.9.900.20240824-1409\jars\maven-artifact-3.9.9.jar
2025-06-23 17:19:13,307 [Worker-9: Launching Executing clean in C__spring_workspace_sb01_Email] INFO  o.eclipse.m2e.core.internal.Bundles - 	Entry: C:\spring\sts-4.28.0.RELEASE\plugins\org.eclipse.m2e.maven.runtime_3.9.900.20240824-1409\jars\maven-builder-support-3.9.9.jar
2025-06-23 17:19:13,307 [Worker-9: Launching Executing clean in C__spring_workspace_sb01_Email] INFO  o.eclipse.m2e.core.internal.Bundles - 	Entry: C:\spring\sts-4.28.0.RELEASE\plugins\org.eclipse.m2e.maven.runtime_3.9.900.20240824-1409\jars\maven-compat-3.9.9.jar
2025-06-23 17:19:13,307 [Worker-9: Launching Executing clean in C__spring_workspace_sb01_Email] INFO  o.eclipse.m2e.core.internal.Bundles - 	Entry: C:\spring\sts-4.28.0.RELEASE\plugins\org.eclipse.m2e.maven.runtime_3.9.900.20240824-1409\jars\maven-core-3.9.9.jar
2025-06-23 17:19:13,307 [Worker-9: Launching Executing clean in C__spring_workspace_sb01_Email] INFO  o.eclipse.m2e.core.internal.Bundles - 	Entry: C:\spring\sts-4.28.0.RELEASE\plugins\org.eclipse.m2e.maven.runtime_3.9.900.20240824-1409\jars\maven-embedder-3.9.9.jar
2025-06-23 17:19:13,308 [Worker-9: Launching Executing clean in C__spring_workspace_sb01_Email] INFO  o.eclipse.m2e.core.internal.Bundles - 	Entry: C:\spring\sts-4.28.0.RELEASE\plugins\org.eclipse.m2e.maven.runtime_3.9.900.20240824-1409\jars\maven-model-3.9.9.jar
2025-06-23 17:19:13,308 [Worker-9: Launching Executing clean in C__spring_workspace_sb01_Email] INFO  o.eclipse.m2e.core.internal.Bundles - 	Entry: C:\spring\sts-4.28.0.RELEASE\plugins\org.eclipse.m2e.maven.runtime_3.9.900.20240824-1409\jars\maven-model-builder-3.9.9.jar
2025-06-23 17:19:13,309 [Worker-9: Launching Executing clean in C__spring_workspace_sb01_Email] INFO  o.eclipse.m2e.core.internal.Bundles - 	Entry: C:\spring\sts-4.28.0.RELEASE\plugins\org.eclipse.m2e.maven.runtime_3.9.900.20240824-1409\jars\maven-plugin-api-3.9.9.jar
2025-06-23 17:19:13,309 [Worker-9: Launching Executing clean in C__spring_workspace_sb01_Email] INFO  o.eclipse.m2e.core.internal.Bundles - 	Entry: C:\spring\sts-4.28.0.RELEASE\plugins\org.eclipse.m2e.maven.runtime_3.9.900.20240824-1409\jars\maven-repository-metadata-3.9.9.jar
2025-06-23 17:19:13,309 [Worker-9: Launching Executing clean in C__spring_workspace_sb01_Email] INFO  o.eclipse.m2e.core.internal.Bundles - 	Entry: C:\spring\sts-4.28.0.RELEASE\plugins\org.eclipse.m2e.maven.runtime_3.9.900.20240824-1409\jars\maven-resolver-api-1.9.22.jar
2025-06-23 17:19:13,309 [Worker-9: Launching Executing clean in C__spring_workspace_sb01_Email] INFO  o.eclipse.m2e.core.internal.Bundles - 	Entry: C:\spring\sts-4.28.0.RELEASE\plugins\org.eclipse.m2e.maven.runtime_3.9.900.20240824-1409\jars\maven-resolver-connector-basic-1.9.22.jar
2025-06-23 17:19:13,309 [Worker-9: Launching Executing clean in C__spring_workspace_sb01_Email] INFO  o.eclipse.m2e.core.internal.Bundles - 	Entry: C:\spring\sts-4.28.0.RELEASE\plugins\org.eclipse.m2e.maven.runtime_3.9.900.20240824-1409\jars\maven-resolver-impl-1.9.22.jar
2025-06-23 17:19:13,310 [Worker-9: Launching Executing clean in C__spring_workspace_sb01_Email] INFO  o.eclipse.m2e.core.internal.Bundles - 	Entry: C:\spring\sts-4.28.0.RELEASE\plugins\org.eclipse.m2e.maven.runtime_3.9.900.20240824-1409\jars\maven-resolver-named-locks-1.9.22.jar
2025-06-23 17:19:13,310 [Worker-9: Launching Executing clean in C__spring_workspace_sb01_Email] INFO  o.eclipse.m2e.core.internal.Bundles - 	Entry: C:\spring\sts-4.28.0.RELEASE\plugins\org.eclipse.m2e.maven.runtime_3.9.900.20240824-1409\jars\maven-resolver-provider-3.9.9.jar
2025-06-23 17:19:13,310 [Worker-9: Launching Executing clean in C__spring_workspace_sb01_Email] INFO  o.eclipse.m2e.core.internal.Bundles - 	Entry: C:\spring\sts-4.28.0.RELEASE\plugins\org.eclipse.m2e.maven.runtime_3.9.900.20240824-1409\jars\maven-resolver-spi-1.9.22.jar
2025-06-23 17:19:13,310 [Worker-9: Launching Executing clean in C__spring_workspace_sb01_Email] INFO  o.eclipse.m2e.core.internal.Bundles - 	Entry: C:\spring\sts-4.28.0.RELEASE\plugins\org.eclipse.m2e.maven.runtime_3.9.900.20240824-1409\jars\maven-resolver-transport-file-1.9.22.jar
2025-06-23 17:19:13,310 [Worker-9: Launching Executing clean in C__spring_workspace_sb01_Email] INFO  o.eclipse.m2e.core.internal.Bundles - 	Entry: C:\spring\sts-4.28.0.RELEASE\plugins\org.eclipse.m2e.maven.runtime_3.9.900.20240824-1409\jars\maven-resolver-transport-http-1.9.22.jar
2025-06-23 17:19:13,310 [Worker-9: Launching Executing clean in C__spring_workspace_sb01_Email] INFO  o.eclipse.m2e.core.internal.Bundles - 	Entry: C:\spring\sts-4.28.0.RELEASE\plugins\org.eclipse.m2e.maven.runtime_3.9.900.20240824-1409\jars\maven-resolver-transport-wagon-1.9.22.jar
2025-06-23 17:19:13,310 [Worker-9: Launching Executing clean in C__spring_workspace_sb01_Email] INFO  o.eclipse.m2e.core.internal.Bundles - 	Entry: C:\spring\sts-4.28.0.RELEASE\plugins\org.eclipse.m2e.maven.runtime_3.9.900.20240824-1409\jars\maven-resolver-util-1.9.22.jar
2025-06-23 17:19:13,310 [Worker-9: Launching Executing clean in C__spring_workspace_sb01_Email] INFO  o.eclipse.m2e.core.internal.Bundles - 	Entry: C:\spring\sts-4.28.0.RELEASE\plugins\org.eclipse.m2e.maven.runtime_3.9.900.20240824-1409\jars\maven-settings-3.9.9.jar
2025-06-23 17:19:13,311 [Worker-9: Launching Executing clean in C__spring_workspace_sb01_Email] INFO  o.eclipse.m2e.core.internal.Bundles - 	Entry: C:\spring\sts-4.28.0.RELEASE\plugins\org.eclipse.m2e.maven.runtime_3.9.900.20240824-1409\jars\maven-settings-builder-3.9.9.jar
2025-06-23 17:19:13,311 [Worker-9: Launching Executing clean in C__spring_workspace_sb01_Email] INFO  o.eclipse.m2e.core.internal.Bundles - 	Entry: C:\spring\sts-4.28.0.RELEASE\plugins\org.eclipse.m2e.maven.runtime_3.9.900.20240824-1409\jars\maven-shared-utils-3.4.2.jar
2025-06-23 17:19:13,311 [Worker-9: Launching Executing clean in C__spring_workspace_sb01_Email] INFO  o.eclipse.m2e.core.internal.Bundles - 	Entry: C:\spring\sts-4.28.0.RELEASE\plugins\org.eclipse.m2e.maven.runtime_3.9.900.20240824-1409\jars\org.eclipse.sisu.inject-0.9.0.M3.jar
2025-06-23 17:19:13,311 [Worker-9: Launching Executing clean in C__spring_workspace_sb01_Email] INFO  o.eclipse.m2e.core.internal.Bundles - 	Entry: C:\spring\sts-4.28.0.RELEASE\plugins\org.eclipse.m2e.maven.runtime_3.9.900.20240824-1409\jars\org.eclipse.sisu.plexus-0.9.0.M3.jar
2025-06-23 17:19:13,311 [Worker-9: Launching Executing clean in C__spring_workspace_sb01_Email] INFO  o.eclipse.m2e.core.internal.Bundles - 	Entry: C:\spring\sts-4.28.0.RELEASE\plugins\org.eclipse.m2e.maven.runtime_3.9.900.20240824-1409\jars\plexus-build-api-0.0.7.jar
2025-06-23 17:19:13,311 [Worker-9: Launching Executing clean in C__spring_workspace_sb01_Email] INFO  o.eclipse.m2e.core.internal.Bundles - 	Entry: C:\spring\sts-4.28.0.RELEASE\plugins\org.eclipse.m2e.maven.runtime_3.9.900.20240824-1409\jars\plexus-build-api-1.2.0.jar
2025-06-23 17:19:13,311 [Worker-9: Launching Executing clean in C__spring_workspace_sb01_Email] INFO  o.eclipse.m2e.core.internal.Bundles - 	Entry: C:\spring\sts-4.28.0.RELEASE\plugins\org.eclipse.m2e.maven.runtime_3.9.900.20240824-1409\jars\plexus-cipher-2.0.jar
2025-06-23 17:19:13,312 [Worker-9: Launching Executing clean in C__spring_workspace_sb01_Email] INFO  o.eclipse.m2e.core.internal.Bundles - 	Entry: C:\spring\sts-4.28.0.RELEASE\plugins\org.eclipse.m2e.maven.runtime_3.9.900.20240824-1409\jars\plexus-classworlds-2.8.0.jar
2025-06-23 17:19:13,312 [Worker-9: Launching Executing clean in C__spring_workspace_sb01_Email] INFO  o.eclipse.m2e.core.internal.Bundles - 	Entry: C:\spring\sts-4.28.0.RELEASE\plugins\org.eclipse.m2e.maven.runtime_3.9.900.20240824-1409\jars\plexus-component-annotations-2.1.0.jar
2025-06-23 17:19:13,312 [Worker-9: Launching Executing clean in C__spring_workspace_sb01_Email] INFO  o.eclipse.m2e.core.internal.Bundles - 	Entry: C:\spring\sts-4.28.0.RELEASE\plugins\org.eclipse.m2e.maven.runtime_3.9.900.20240824-1409\jars\plexus-interpolation-1.27.jar
2025-06-23 17:19:13,312 [Worker-9: Launching Executing clean in C__spring_workspace_sb01_Email] INFO  o.eclipse.m2e.core.internal.Bundles - 	Entry: C:\spring\sts-4.28.0.RELEASE\plugins\org.eclipse.m2e.maven.runtime_3.9.900.20240824-1409\jars\plexus-sec-dispatcher-2.0.jar
2025-06-23 17:19:13,312 [Worker-9: Launching Executing clean in C__spring_workspace_sb01_Email] INFO  o.eclipse.m2e.core.internal.Bundles - 	Entry: C:\spring\sts-4.28.0.RELEASE\plugins\org.eclipse.m2e.maven.runtime_3.9.900.20240824-1409\jars\plexus-utils-3.5.1.jar
2025-06-23 17:19:13,312 [Worker-9: Launching Executing clean in C__spring_workspace_sb01_Email] INFO  o.eclipse.m2e.core.internal.Bundles - 	Entry: C:\spring\sts-4.28.0.RELEASE\plugins\org.eclipse.m2e.maven.runtime_3.9.900.20240824-1409\jars\plexus-xml-3.0.1.jar
2025-06-23 17:19:13,312 [Worker-9: Launching Executing clean in C__spring_workspace_sb01_Email] INFO  o.eclipse.m2e.core.internal.Bundles - 	Entry: C:\spring\sts-4.28.0.RELEASE\plugins\org.eclipse.m2e.maven.runtime_3.9.900.20240824-1409\jars\wagon-file-3.5.3.jar
2025-06-23 17:19:13,313 [Worker-9: Launching Executing clean in C__spring_workspace_sb01_Email] INFO  o.eclipse.m2e.core.internal.Bundles - 	Entry: C:\spring\sts-4.28.0.RELEASE\plugins\org.eclipse.m2e.maven.runtime_3.9.900.20240824-1409\jars\wagon-http-3.5.3.jar
2025-06-23 17:19:13,313 [Worker-9: Launching Executing clean in C__spring_workspace_sb01_Email] INFO  o.eclipse.m2e.core.internal.Bundles - 	Entry: C:\spring\sts-4.28.0.RELEASE\plugins\org.eclipse.m2e.maven.runtime_3.9.900.20240824-1409\jars\wagon-http-shared-3.5.3.jar
2025-06-23 17:19:13,313 [Worker-9: Launching Executing clean in C__spring_workspace_sb01_Email] INFO  o.eclipse.m2e.core.internal.Bundles - 	Entry: C:\spring\sts-4.28.0.RELEASE\plugins\org.eclipse.m2e.maven.runtime_3.9.900.20240824-1409\jars\wagon-provider-api-3.5.3.jar
2025-06-23 17:19:13,314 [Worker-9: Launching Executing clean in C__spring_workspace_sb01_Email] INFO  o.eclipse.m2e.core.internal.Bundles - getClasspathEntries(Bundle=com.google.guava_33.3.1.jre [29])
2025-06-23 17:19:13,314 [Worker-9: Launching Executing clean in C__spring_workspace_sb01_Email] INFO  o.eclipse.m2e.core.internal.Bundles - 	Entry: C:\spring\sts-4.28.0.RELEASE\plugins\com.google.guava_33.3.1.jre.jar
2025-06-23 17:19:13,315 [Worker-9: Launching Executing clean in C__spring_workspace_sb01_Email] INFO  o.eclipse.m2e.core.internal.Bundles - getClasspathEntries(Bundle=slf4j.api_2.0.16 [615])
2025-06-23 17:19:13,315 [Worker-9: Launching Executing clean in C__spring_workspace_sb01_Email] INFO  o.eclipse.m2e.core.internal.Bundles - 	Entry: C:\spring\sts-4.28.0.RELEASE\plugins\slf4j.api_2.0.16.jar
2025-06-23 17:19:13,315 [Worker-9: Launching Executing clean in C__spring_workspace_sb01_Email] INFO  o.eclipse.m2e.core.internal.Bundles - getClasspathEntries(Bundle=jakarta.inject.jakarta.inject-api_1.0.5 [45])
2025-06-23 17:19:13,315 [Worker-9: Launching Executing clean in C__spring_workspace_sb01_Email] INFO  o.eclipse.m2e.core.internal.Bundles - 	Entry: C:\spring\sts-4.28.0.RELEASE\plugins\jakarta.inject.jakarta.inject-api_1.0.5.jar
2025-06-23 17:19:13,315 [Worker-9: Launching Executing clean in C__spring_workspace_sb01_Email] INFO  o.eclipse.m2e.core.internal.Bundles - getClasspathEntries(Bundle=jakarta.annotation-api_1.3.5 [41])
2025-06-23 17:19:13,315 [Worker-9: Launching Executing clean in C__spring_workspace_sb01_Email] INFO  o.eclipse.m2e.core.internal.Bundles - 	Entry: C:\spring\sts-4.28.0.RELEASE\plugins\jakarta.annotation-api_1.3.5.jar
2025-06-23 17:19:13,315 [Worker-9: Launching Executing clean in C__spring_workspace_sb01_Email] INFO  o.eclipse.m2e.core.internal.Bundles - getClasspathEntries(Bundle=org.apache.commons.cli_1.9.0 [78])
2025-06-23 17:19:13,316 [Worker-9: Launching Executing clean in C__spring_workspace_sb01_Email] INFO  o.eclipse.m2e.core.internal.Bundles - 	Entry: C:\spring\sts-4.28.0.RELEASE\plugins\org.apache.commons.cli_1.9.0.jar
2025-06-23 17:19:13,316 [Worker-9: Launching Executing clean in C__spring_workspace_sb01_Email] INFO  o.eclipse.m2e.core.internal.Bundles - getClasspathEntries(Bundle=org.apache.commons.commons-codec_1.16.0 [81])
2025-06-23 17:19:13,316 [Worker-9: Launching Executing clean in C__spring_workspace_sb01_Email] INFO  o.eclipse.m2e.core.internal.Bundles - 	Entry: C:\spring\sts-4.28.0.RELEASE\plugins\org.apache.commons.commons-codec_1.16.0.jar
2025-06-23 17:19:13,316 [Worker-9: Launching Executing clean in C__spring_workspace_sb01_Email] INFO  o.eclipse.m2e.core.internal.Bundles - getClasspathEntries(Bundle=com.google.guava.failureaccess_1.0.2 [30])
2025-06-23 17:19:13,316 [Worker-9: Launching Executing clean in C__spring_workspace_sb01_Email] INFO  o.eclipse.m2e.core.internal.Bundles - 	Entry: C:\spring\sts-4.28.0.RELEASE\plugins\com.google.guava.failureaccess_1.0.2.jar
2025-06-23 17:19:13,319 [Worker-9: Launching Executing clean in C__spring_workspace_sb01_Email] INFO  o.e.m.i.launch.MavenLaunchDelegate - Run build in "C:\spring\workspace\sb01\Email":
2025-06-23 17:19:13,322 [Worker-9: Launching Executing clean in C__spring_workspace_sb01_Email] INFO  o.e.m.i.launch.MavenLaunchDelegate -  mvn  -Ppom.xml -B -Dstyle.color=always clean
2025-06-23 17:19:16,319 [Worker-9: Building] INFO  o.a.m.s.f.DefaultMavenResourcesFiltering - Copying 1 resource from src\main\resources to target\classes
2025-06-23 17:19:16,353 [Worker-9: Building] INFO  o.a.m.s.f.DefaultMavenResourcesFiltering - Copying 0 resource from src\main\resources to target\classes
2025-06-23 17:19:16,357 [Worker-9: Building] INFO  o.a.m.s.f.DefaultMavenResourcesFiltering - skip non existing resourceDirectory C:\spring\workspace\sb01\Email\src\test\resources
2025-06-23 17:19:25,839 [Worker-10: Launching Executing install in C__spring_workspace_sb01_Email] INFO  o.eclipse.m2e.core.internal.Bundles - getClasspathEntries(Bundle=org.eclipse.m2e.maven.runtime_3.9.900.20240824-1409 [364])
2025-06-23 17:19:25,840 [Worker-10: Launching Executing install in C__spring_workspace_sb01_Email] INFO  o.eclipse.m2e.core.internal.Bundles - 	Entry: C:\spring\sts-4.28.0.RELEASE\plugins\org.eclipse.m2e.maven.runtime_3.9.900.20240824-1409
2025-06-23 17:19:25,840 [Worker-10: Launching Executing install in C__spring_workspace_sb01_Email] INFO  o.eclipse.m2e.core.internal.Bundles - 	Entry: C:\spring\sts-4.28.0.RELEASE\plugins\org.eclipse.m2e.maven.runtime_3.9.900.20240824-1409\jars\aopalliance-1.0.jar
2025-06-23 17:19:25,841 [Worker-10: Launching Executing install in C__spring_workspace_sb01_Email] INFO  o.eclipse.m2e.core.internal.Bundles - 	Entry: C:\spring\sts-4.28.0.RELEASE\plugins\org.eclipse.m2e.maven.runtime_3.9.900.20240824-1409\jars\guice-5.1.0.jar
2025-06-23 17:19:25,841 [Worker-10: Launching Executing install in C__spring_workspace_sb01_Email] INFO  o.eclipse.m2e.core.internal.Bundles - 	Entry: C:\spring\sts-4.28.0.RELEASE\plugins\org.eclipse.m2e.maven.runtime_3.9.900.20240824-1409\jars\httpclient-4.5.14.jar
2025-06-23 17:19:25,841 [Worker-10: Launching Executing install in C__spring_workspace_sb01_Email] INFO  o.eclipse.m2e.core.internal.Bundles - 	Entry: C:\spring\sts-4.28.0.RELEASE\plugins\org.eclipse.m2e.maven.runtime_3.9.900.20240824-1409\jars\httpcore-4.4.16.jar
2025-06-23 17:19:25,841 [Worker-10: Launching Executing install in C__spring_workspace_sb01_Email] INFO  o.eclipse.m2e.core.internal.Bundles - 	Entry: C:\spring\sts-4.28.0.RELEASE\plugins\org.eclipse.m2e.maven.runtime_3.9.900.20240824-1409\jars\jansi-2.4.1.jar
2025-06-23 17:19:25,842 [Worker-10: Launching Executing install in C__spring_workspace_sb01_Email] INFO  o.eclipse.m2e.core.internal.Bundles - 	Entry: C:\spring\sts-4.28.0.RELEASE\plugins\org.eclipse.m2e.maven.runtime_3.9.900.20240824-1409\jars\jcl-over-slf4j-1.7.36.jar
2025-06-23 17:19:25,842 [Worker-10: Launching Executing install in C__spring_workspace_sb01_Email] INFO  o.eclipse.m2e.core.internal.Bundles - 	Entry: C:\spring\sts-4.28.0.RELEASE\plugins\org.eclipse.m2e.maven.runtime_3.9.900.20240824-1409\jars\maven-artifact-3.9.9.jar
2025-06-23 17:19:25,843 [Worker-10: Launching Executing install in C__spring_workspace_sb01_Email] INFO  o.eclipse.m2e.core.internal.Bundles - 	Entry: C:\spring\sts-4.28.0.RELEASE\plugins\org.eclipse.m2e.maven.runtime_3.9.900.20240824-1409\jars\maven-builder-support-3.9.9.jar
2025-06-23 17:19:25,843 [Worker-10: Launching Executing install in C__spring_workspace_sb01_Email] INFO  o.eclipse.m2e.core.internal.Bundles - 	Entry: C:\spring\sts-4.28.0.RELEASE\plugins\org.eclipse.m2e.maven.runtime_3.9.900.20240824-1409\jars\maven-compat-3.9.9.jar
2025-06-23 17:19:25,843 [Worker-10: Launching Executing install in C__spring_workspace_sb01_Email] INFO  o.eclipse.m2e.core.internal.Bundles - 	Entry: C:\spring\sts-4.28.0.RELEASE\plugins\org.eclipse.m2e.maven.runtime_3.9.900.20240824-1409\jars\maven-core-3.9.9.jar
2025-06-23 17:19:25,843 [Worker-10: Launching Executing install in C__spring_workspace_sb01_Email] INFO  o.eclipse.m2e.core.internal.Bundles - 	Entry: C:\spring\sts-4.28.0.RELEASE\plugins\org.eclipse.m2e.maven.runtime_3.9.900.20240824-1409\jars\maven-embedder-3.9.9.jar
2025-06-23 17:19:25,843 [Worker-10: Launching Executing install in C__spring_workspace_sb01_Email] INFO  o.eclipse.m2e.core.internal.Bundles - 	Entry: C:\spring\sts-4.28.0.RELEASE\plugins\org.eclipse.m2e.maven.runtime_3.9.900.20240824-1409\jars\maven-model-3.9.9.jar
2025-06-23 17:19:25,844 [Worker-10: Launching Executing install in C__spring_workspace_sb01_Email] INFO  o.eclipse.m2e.core.internal.Bundles - 	Entry: C:\spring\sts-4.28.0.RELEASE\plugins\org.eclipse.m2e.maven.runtime_3.9.900.20240824-1409\jars\maven-model-builder-3.9.9.jar
2025-06-23 17:19:25,844 [Worker-10: Launching Executing install in C__spring_workspace_sb01_Email] INFO  o.eclipse.m2e.core.internal.Bundles - 	Entry: C:\spring\sts-4.28.0.RELEASE\plugins\org.eclipse.m2e.maven.runtime_3.9.900.20240824-1409\jars\maven-plugin-api-3.9.9.jar
2025-06-23 17:19:25,844 [Worker-10: Launching Executing install in C__spring_workspace_sb01_Email] INFO  o.eclipse.m2e.core.internal.Bundles - 	Entry: C:\spring\sts-4.28.0.RELEASE\plugins\org.eclipse.m2e.maven.runtime_3.9.900.20240824-1409\jars\maven-repository-metadata-3.9.9.jar
2025-06-23 17:19:25,844 [Worker-10: Launching Executing install in C__spring_workspace_sb01_Email] INFO  o.eclipse.m2e.core.internal.Bundles - 	Entry: C:\spring\sts-4.28.0.RELEASE\plugins\org.eclipse.m2e.maven.runtime_3.9.900.20240824-1409\jars\maven-resolver-api-1.9.22.jar
2025-06-23 17:19:25,844 [Worker-10: Launching Executing install in C__spring_workspace_sb01_Email] INFO  o.eclipse.m2e.core.internal.Bundles - 	Entry: C:\spring\sts-4.28.0.RELEASE\plugins\org.eclipse.m2e.maven.runtime_3.9.900.20240824-1409\jars\maven-resolver-connector-basic-1.9.22.jar
2025-06-23 17:19:25,845 [Worker-10: Launching Executing install in C__spring_workspace_sb01_Email] INFO  o.eclipse.m2e.core.internal.Bundles - 	Entry: C:\spring\sts-4.28.0.RELEASE\plugins\org.eclipse.m2e.maven.runtime_3.9.900.20240824-1409\jars\maven-resolver-impl-1.9.22.jar
2025-06-23 17:19:25,845 [Worker-10: Launching Executing install in C__spring_workspace_sb01_Email] INFO  o.eclipse.m2e.core.internal.Bundles - 	Entry: C:\spring\sts-4.28.0.RELEASE\plugins\org.eclipse.m2e.maven.runtime_3.9.900.20240824-1409\jars\maven-resolver-named-locks-1.9.22.jar
2025-06-23 17:19:25,845 [Worker-10: Launching Executing install in C__spring_workspace_sb01_Email] INFO  o.eclipse.m2e.core.internal.Bundles - 	Entry: C:\spring\sts-4.28.0.RELEASE\plugins\org.eclipse.m2e.maven.runtime_3.9.900.20240824-1409\jars\maven-resolver-provider-3.9.9.jar
2025-06-23 17:19:25,845 [Worker-10: Launching Executing install in C__spring_workspace_sb01_Email] INFO  o.eclipse.m2e.core.internal.Bundles - 	Entry: C:\spring\sts-4.28.0.RELEASE\plugins\org.eclipse.m2e.maven.runtime_3.9.900.20240824-1409\jars\maven-resolver-spi-1.9.22.jar
2025-06-23 17:19:25,845 [Worker-10: Launching Executing install in C__spring_workspace_sb01_Email] INFO  o.eclipse.m2e.core.internal.Bundles - 	Entry: C:\spring\sts-4.28.0.RELEASE\plugins\org.eclipse.m2e.maven.runtime_3.9.900.20240824-1409\jars\maven-resolver-transport-file-1.9.22.jar
2025-06-23 17:19:25,846 [Worker-10: Launching Executing install in C__spring_workspace_sb01_Email] INFO  o.eclipse.m2e.core.internal.Bundles - 	Entry: C:\spring\sts-4.28.0.RELEASE\plugins\org.eclipse.m2e.maven.runtime_3.9.900.20240824-1409\jars\maven-resolver-transport-http-1.9.22.jar
2025-06-23 17:19:25,846 [Worker-10: Launching Executing install in C__spring_workspace_sb01_Email] INFO  o.eclipse.m2e.core.internal.Bundles - 	Entry: C:\spring\sts-4.28.0.RELEASE\plugins\org.eclipse.m2e.maven.runtime_3.9.900.20240824-1409\jars\maven-resolver-transport-wagon-1.9.22.jar
2025-06-23 17:19:25,846 [Worker-10: Launching Executing install in C__spring_workspace_sb01_Email] INFO  o.eclipse.m2e.core.internal.Bundles - 	Entry: C:\spring\sts-4.28.0.RELEASE\plugins\org.eclipse.m2e.maven.runtime_3.9.900.20240824-1409\jars\maven-resolver-util-1.9.22.jar
2025-06-23 17:19:25,846 [Worker-10: Launching Executing install in C__spring_workspace_sb01_Email] INFO  o.eclipse.m2e.core.internal.Bundles - 	Entry: C:\spring\sts-4.28.0.RELEASE\plugins\org.eclipse.m2e.maven.runtime_3.9.900.20240824-1409\jars\maven-settings-3.9.9.jar
2025-06-23 17:19:25,846 [Worker-10: Launching Executing install in C__spring_workspace_sb01_Email] INFO  o.eclipse.m2e.core.internal.Bundles - 	Entry: C:\spring\sts-4.28.0.RELEASE\plugins\org.eclipse.m2e.maven.runtime_3.9.900.20240824-1409\jars\maven-settings-builder-3.9.9.jar
2025-06-23 17:19:25,847 [Worker-10: Launching Executing install in C__spring_workspace_sb01_Email] INFO  o.eclipse.m2e.core.internal.Bundles - 	Entry: C:\spring\sts-4.28.0.RELEASE\plugins\org.eclipse.m2e.maven.runtime_3.9.900.20240824-1409\jars\maven-shared-utils-3.4.2.jar
2025-06-23 17:19:25,847 [Worker-10: Launching Executing install in C__spring_workspace_sb01_Email] INFO  o.eclipse.m2e.core.internal.Bundles - 	Entry: C:\spring\sts-4.28.0.RELEASE\plugins\org.eclipse.m2e.maven.runtime_3.9.900.20240824-1409\jars\org.eclipse.sisu.inject-0.9.0.M3.jar
2025-06-23 17:19:25,847 [Worker-10: Launching Executing install in C__spring_workspace_sb01_Email] INFO  o.eclipse.m2e.core.internal.Bundles - 	Entry: C:\spring\sts-4.28.0.RELEASE\plugins\org.eclipse.m2e.maven.runtime_3.9.900.20240824-1409\jars\org.eclipse.sisu.plexus-0.9.0.M3.jar
2025-06-23 17:19:25,847 [Worker-10: Launching Executing install in C__spring_workspace_sb01_Email] INFO  o.eclipse.m2e.core.internal.Bundles - 	Entry: C:\spring\sts-4.28.0.RELEASE\plugins\org.eclipse.m2e.maven.runtime_3.9.900.20240824-1409\jars\plexus-build-api-0.0.7.jar
2025-06-23 17:19:25,847 [Worker-10: Launching Executing install in C__spring_workspace_sb01_Email] INFO  o.eclipse.m2e.core.internal.Bundles - 	Entry: C:\spring\sts-4.28.0.RELEASE\plugins\org.eclipse.m2e.maven.runtime_3.9.900.20240824-1409\jars\plexus-build-api-1.2.0.jar
2025-06-23 17:19:25,848 [Worker-10: Launching Executing install in C__spring_workspace_sb01_Email] INFO  o.eclipse.m2e.core.internal.Bundles - 	Entry: C:\spring\sts-4.28.0.RELEASE\plugins\org.eclipse.m2e.maven.runtime_3.9.900.20240824-1409\jars\plexus-cipher-2.0.jar
2025-06-23 17:19:25,848 [Worker-10: Launching Executing install in C__spring_workspace_sb01_Email] INFO  o.eclipse.m2e.core.internal.Bundles - 	Entry: C:\spring\sts-4.28.0.RELEASE\plugins\org.eclipse.m2e.maven.runtime_3.9.900.20240824-1409\jars\plexus-classworlds-2.8.0.jar
2025-06-23 17:19:25,848 [Worker-10: Launching Executing install in C__spring_workspace_sb01_Email] INFO  o.eclipse.m2e.core.internal.Bundles - 	Entry: C:\spring\sts-4.28.0.RELEASE\plugins\org.eclipse.m2e.maven.runtime_3.9.900.20240824-1409\jars\plexus-component-annotations-2.1.0.jar
2025-06-23 17:19:25,848 [Worker-10: Launching Executing install in C__spring_workspace_sb01_Email] INFO  o.eclipse.m2e.core.internal.Bundles - 	Entry: C:\spring\sts-4.28.0.RELEASE\plugins\org.eclipse.m2e.maven.runtime_3.9.900.20240824-1409\jars\plexus-interpolation-1.27.jar
2025-06-23 17:19:25,848 [Worker-10: Launching Executing install in C__spring_workspace_sb01_Email] INFO  o.eclipse.m2e.core.internal.Bundles - 	Entry: C:\spring\sts-4.28.0.RELEASE\plugins\org.eclipse.m2e.maven.runtime_3.9.900.20240824-1409\jars\plexus-sec-dispatcher-2.0.jar
2025-06-23 17:19:25,849 [Worker-10: Launching Executing install in C__spring_workspace_sb01_Email] INFO  o.eclipse.m2e.core.internal.Bundles - 	Entry: C:\spring\sts-4.28.0.RELEASE\plugins\org.eclipse.m2e.maven.runtime_3.9.900.20240824-1409\jars\plexus-utils-3.5.1.jar
2025-06-23 17:19:25,849 [Worker-10: Launching Executing install in C__spring_workspace_sb01_Email] INFO  o.eclipse.m2e.core.internal.Bundles - 	Entry: C:\spring\sts-4.28.0.RELEASE\plugins\org.eclipse.m2e.maven.runtime_3.9.900.20240824-1409\jars\plexus-xml-3.0.1.jar
2025-06-23 17:19:25,849 [Worker-10: Launching Executing install in C__spring_workspace_sb01_Email] INFO  o.eclipse.m2e.core.internal.Bundles - 	Entry: C:\spring\sts-4.28.0.RELEASE\plugins\org.eclipse.m2e.maven.runtime_3.9.900.20240824-1409\jars\wagon-file-3.5.3.jar
2025-06-23 17:19:25,849 [Worker-10: Launching Executing install in C__spring_workspace_sb01_Email] INFO  o.eclipse.m2e.core.internal.Bundles - 	Entry: C:\spring\sts-4.28.0.RELEASE\plugins\org.eclipse.m2e.maven.runtime_3.9.900.20240824-1409\jars\wagon-http-3.5.3.jar
2025-06-23 17:19:25,849 [Worker-10: Launching Executing install in C__spring_workspace_sb01_Email] INFO  o.eclipse.m2e.core.internal.Bundles - 	Entry: C:\spring\sts-4.28.0.RELEASE\plugins\org.eclipse.m2e.maven.runtime_3.9.900.20240824-1409\jars\wagon-http-shared-3.5.3.jar
2025-06-23 17:19:25,849 [Worker-10: Launching Executing install in C__spring_workspace_sb01_Email] INFO  o.eclipse.m2e.core.internal.Bundles - 	Entry: C:\spring\sts-4.28.0.RELEASE\plugins\org.eclipse.m2e.maven.runtime_3.9.900.20240824-1409\jars\wagon-provider-api-3.5.3.jar
2025-06-23 17:19:25,850 [Worker-10: Launching Executing install in C__spring_workspace_sb01_Email] INFO  o.eclipse.m2e.core.internal.Bundles - getClasspathEntries(Bundle=com.google.guava_33.3.1.jre [29])
2025-06-23 17:19:25,850 [Worker-10: Launching Executing install in C__spring_workspace_sb01_Email] INFO  o.eclipse.m2e.core.internal.Bundles - 	Entry: C:\spring\sts-4.28.0.RELEASE\plugins\com.google.guava_33.3.1.jre.jar
2025-06-23 17:19:25,850 [Worker-10: Launching Executing install in C__spring_workspace_sb01_Email] INFO  o.eclipse.m2e.core.internal.Bundles - getClasspathEntries(Bundle=slf4j.api_2.0.16 [615])
2025-06-23 17:19:25,850 [Worker-10: Launching Executing install in C__spring_workspace_sb01_Email] INFO  o.eclipse.m2e.core.internal.Bundles - 	Entry: C:\spring\sts-4.28.0.RELEASE\plugins\slf4j.api_2.0.16.jar
2025-06-23 17:19:25,851 [Worker-10: Launching Executing install in C__spring_workspace_sb01_Email] INFO  o.eclipse.m2e.core.internal.Bundles - getClasspathEntries(Bundle=jakarta.inject.jakarta.inject-api_1.0.5 [45])
2025-06-23 17:19:25,851 [Worker-10: Launching Executing install in C__spring_workspace_sb01_Email] INFO  o.eclipse.m2e.core.internal.Bundles - 	Entry: C:\spring\sts-4.28.0.RELEASE\plugins\jakarta.inject.jakarta.inject-api_1.0.5.jar
2025-06-23 17:19:25,851 [Worker-10: Launching Executing install in C__spring_workspace_sb01_Email] INFO  o.eclipse.m2e.core.internal.Bundles - getClasspathEntries(Bundle=jakarta.annotation-api_1.3.5 [41])
2025-06-23 17:19:25,851 [Worker-10: Launching Executing install in C__spring_workspace_sb01_Email] INFO  o.eclipse.m2e.core.internal.Bundles - 	Entry: C:\spring\sts-4.28.0.RELEASE\plugins\jakarta.annotation-api_1.3.5.jar
2025-06-23 17:19:25,851 [Worker-10: Launching Executing install in C__spring_workspace_sb01_Email] INFO  o.eclipse.m2e.core.internal.Bundles - getClasspathEntries(Bundle=org.apache.commons.cli_1.9.0 [78])
2025-06-23 17:19:25,852 [Worker-10: Launching Executing install in C__spring_workspace_sb01_Email] INFO  o.eclipse.m2e.core.internal.Bundles - 	Entry: C:\spring\sts-4.28.0.RELEASE\plugins\org.apache.commons.cli_1.9.0.jar
2025-06-23 17:19:25,852 [Worker-10: Launching Executing install in C__spring_workspace_sb01_Email] INFO  o.eclipse.m2e.core.internal.Bundles - getClasspathEntries(Bundle=org.apache.commons.commons-codec_1.16.0 [81])
2025-06-23 17:19:25,852 [Worker-10: Launching Executing install in C__spring_workspace_sb01_Email] INFO  o.eclipse.m2e.core.internal.Bundles - 	Entry: C:\spring\sts-4.28.0.RELEASE\plugins\org.apache.commons.commons-codec_1.16.0.jar
2025-06-23 17:19:25,852 [Worker-10: Launching Executing install in C__spring_workspace_sb01_Email] INFO  o.eclipse.m2e.core.internal.Bundles - getClasspathEntries(Bundle=com.google.guava.failureaccess_1.0.2 [30])
2025-06-23 17:19:25,852 [Worker-10: Launching Executing install in C__spring_workspace_sb01_Email] INFO  o.eclipse.m2e.core.internal.Bundles - 	Entry: C:\spring\sts-4.28.0.RELEASE\plugins\com.google.guava.failureaccess_1.0.2.jar
2025-06-23 17:19:25,854 [Worker-10: Launching Executing install in C__spring_workspace_sb01_Email] INFO  o.e.m.i.launch.MavenLaunchDelegate - Run build in "C:\spring\workspace\sb01\Email":
2025-06-23 17:19:25,854 [Worker-10: Launching Executing install in C__spring_workspace_sb01_Email] INFO  o.e.m.i.launch.MavenLaunchDelegate -  mvn  -Ppom.xml -B -Dstyle.color=always install
2025-06-23 17:19:40,656 [Worker-10: Building] INFO  o.a.m.s.f.DefaultMavenResourcesFiltering - Copying 1 resource from src\main\resources to target\classes
2025-06-23 17:19:40,659 [Worker-10: Building] INFO  o.a.m.s.f.DefaultMavenResourcesFiltering - Copying 0 resource from src\main\resources to target\classes
2025-06-23 17:19:40,662 [Worker-10: Building] INFO  o.a.m.s.f.DefaultMavenResourcesFiltering - skip non existing resourceDirectory C:\spring\workspace\sb01\Email\src\test\resources
2025-06-23 17:20:58,522 [Worker-3: Building] INFO  o.a.m.s.f.DefaultMavenResourcesFiltering - Copying 0 resource from src\main\resources to target\classes
2025-06-23 17:20:58,523 [Worker-3: Building] INFO  o.a.m.s.f.DefaultMavenResourcesFiltering - Copying 0 resource from src\main\resources to target\classes
2025-06-23 17:20:58,528 [Worker-3: Building] INFO  o.a.m.s.f.DefaultMavenResourcesFiltering - skip non existing resourceDirectory C:\spring\workspace\sb01\Email\src\test\resources
